GROUP,PACKAGE,CLASS,INSTRUCTION_MISSED,INSTRUCTION_COVERED,BRANCH_MISSED,BRANCH_COVERED,LINE_MISSED,LINE_COVERED,COMPLEXITY_MISSED,COMPLEXITY_COVERED,METHOD_MISSED,METHOD_COVERED
springbootJukebox,Jukebox,Song,0,61,0,0,0,23,0,12,0,12
springbootJukebox,Jukebox,MainJukebox,0,101,0,4,0,29,0,7,0,5
springbootJukebox,Jukebox,MainJukebox.Playlist,0,41,0,0,0,8,0,3,0,3
springbootJukebox,Jukebox,Album,0,115,0,12,0,33,0,17,0,11
springbootJukebox,com.tsi.springboot,SpringbootdemoApplication,22,3,0,0,7,1,3,1,3,1
