GROUP,PACKAGE,CLASS,INSTRUCTION_MISSED,INSTRUCTION_COVERED,BRANCH_MISSED,BRANCH_COVERED,LINE_MISSED,LINE_COVERED,COMPLEXITY_MISSED,COMPLEXITY_COVERED,METHOD_MISSED,METHOD_COVERED
springbootJukebox,Jukebox,Song,6,55,0,0,1,22,1,11,1,11
springbootJukebox,Jukebox,MainJukebox,60,0,0,0,15,0,4,0,4,0
springbootJukebox,Jukebox,MainJukebox.Playlist,40,0,0,0,8,0,4,0,4,0
springbootJukebox,Jukebox,Album,8,90,0,8,1,26,1,13,1,9
springbootJukebox,com.tsi.springboot,SpringbootdemoApplication,19,3,0,0,6,1,3,1,3,1
